#
# There is insufficient memory for the Java Runtime Environment to continue.
# Native memory allocation (malloc) failed to allocate 1000976 bytes for Chunk::new
# Possible reasons:
#   The system is out of physical RAM or swap space
#   The process is running with CompressedOops enabled, and the Java Heap may be blocking the growth of the native heap
# Possible solutions:
#   Reduce memory load on the system
#   Increase physical memory or swap space
#   Check if swap backing store is full
#   Decrease Java heap size (-Xmx/-Xms)
#   Decrease number of Java threads
#   Decrease Java thread stack sizes (-Xss)
#   Set larger code cache with -XX:ReservedCodeCacheSize=
#   JVM is running with Unscaled Compressed Oops mode in which the Java heap is
#     placed in the first 4GB address space. The Java Heap base address is the
#     maximum limit for the native heap growth. Please use -XX:HeapBaseMinAddress
#     to set the Java Heap base and to place the Java Heap above 4GB virtual address.
# This output file may be truncated or incomplete.
#
#  Out of Memory Error (allocation.cpp:389), pid=13064, tid=0x0000000000002bb0
#
# JRE version: Java(TM) SE Runtime Environment (8.0_211-b12) (build 1.8.0_211-b12)
# Java VM: Java HotSpot(TM) 64-Bit Server VM (25.211-b12 mixed mode windows-amd64 compressed oops)
# Failed to write core dump. Minidumps are not enabled by default on client versions of Windows
#

---------------  T H R E A D  ---------------

Current thread (0x000000001942f000):  JavaThread "C2 CompilerThread2" daemon [_thread_in_native, id=11184, stack(0x0000000019df0000,0x0000000019ef0000)]

Stack: [0x0000000019df0000,0x0000000019ef0000]
[error occurred during error reporting (printing stack bounds), id 0xc0000005]

Native frames: (J=compiled Java code, j=interpreted, Vv=VM code, C=native code)


Current CompileTask:
C2:   8889 4543   !   4       org.springframework.core.annotation.AnnotationUtils::findAnnotation (171 bytes)


---------------  P R O C E S S  ---------------

Java Threads: ( => current thread )
  0x000000001ad53000 JavaThread "mysql-cj-abandoned-connection-cleanup" daemon [_thread_blocked, id=12432, stack(0x0000000020d40000,0x0000000020e40000)]
  0x000000001ad50000 JavaThread "container-0" [_thread_blocked, id=12996, stack(0x0000000020b10000,0x0000000020c10000)]
  0x000000001ad52000 JavaThread "Catalina-utility-2" [_thread_blocked, id=9548, stack(0x00000000207e0000,0x00000000208e0000)]
  0x000000001ad51800 JavaThread "Catalina-utility-1" [_thread_blocked, id=17260, stack(0x000000001d740000,0x000000001d840000)]
  0x00000000194d1800 JavaThread "Service Thread" daemon [_thread_blocked, id=5744, stack(0x0000000019ff0000,0x000000001a0f0000)]
  0x0000000019434000 JavaThread "C1 CompilerThread3" daemon [_thread_in_native, id=13028, stack(0x0000000019ef0000,0x0000000019ff0000)]
=>0x000000001942f000 JavaThread "C2 CompilerThread2" daemon [_thread_in_native, id=11184, stack(0x0000000019df0000,0x0000000019ef0000)]
  0x0000000019427800 JavaThread "C2 CompilerThread1" daemon [_thread_in_native, id=11980, stack(0x0000000019cf0000,0x0000000019df0000)]
  0x0000000019425800 JavaThread "C2 CompilerThread0" daemon [_thread_in_native, id=5612, stack(0x0000000019bf0000,0x0000000019cf0000)]
  0x0000000019423800 JavaThread "Attach Listener" daemon [_thread_blocked, id=18752, stack(0x0000000019af0000,0x0000000019bf0000)]
  0x00000000193ce000 JavaThread "Signal Dispatcher" daemon [_thread_blocked, id=14544, stack(0x00000000199f0000,0x0000000019af0000)]
  0x00000000193b1000 JavaThread "Finalizer" daemon [_thread_blocked, id=27900, stack(0x0000000019890000,0x0000000019990000)]
  0x00000000175bd800 JavaThread "Reference Handler" daemon [_thread_blocked, id=26764, stack(0x0000000019790000,0x0000000019890000)]
  0x0000000002e15000 JavaThread "main" [_thread_in_vm, id=25044, stack(0x0000000002d10000,0x0000000002e10000)]

Other Threads:
  0x00000000175b9800 VMThread [stack: 0x0000000019290000,0x0000000019390000] [id=17468]
  0x00000000194d4800 WatcherThread [stack: 0x000000001a0f0000,0x000000001a1f0000] [id=8144]

VM state:not at safepoint (normal execution)

VM Mutex/Monitor currently owned by a thread: None

heap address: 0x0000000090c00000, size: 1780 MB, Compressed Oops mode: 32-bit
Narrow klass base: 0x0000000000000000, Narrow klass shift: 3
Compressed class space size: 1073741824 Address: 0x0000000100000000

Heap:
 PSYoungGen      total 160256K, used 122943K [0x00000000daf00000, 0x00000000e6a80000, 0x0000000100000000)
  eden space 147968K, 75% used [0x00000000daf00000,0x00000000e1c2bfa0,0x00000000e3f80000)
  from space 12288K, 90% used [0x00000000e4c80000,0x00000000e5763c78,0x00000000e5880000)
  to   space 13312K, 0% used [0x00000000e3f80000,0x00000000e3f80000,0x00000000e4c80000)
 ParOldGen       total 81408K, used 18462K [0x0000000090c00000, 0x0000000095b80000, 0x00000000daf00000)
  object space 81408K, 22% used [0x0000000090c00000,0x0000000091e078f0,0x0000000095b80000)
 Metaspace       used 48607K, capacity 50572K, committed 50856K, reserved 1093632K
  class space    used 6307K, capacity 6700K, committed 6824K, reserved 1048576K

Card table byte_map: [0x00000000122d0000,0x0000000012650000] byte_map_base: 0x0000000011e4a000

Marking Bits: (ParMarkBitMap*) 0x000000006c715ce0
 Begin Bits: [0x00000000130b0000, 0x0000000014c80000)
 End Bits:   [0x0000000014c80000, 0x0000000016850000)

Polling page: 0x00000000007e0000

CodeCache: size=245760Kb used=15995Kb max_used=15995Kb free=229764Kb
 bounds [0x0000000002f10000, 0x0000000003ec0000, 0x0000000011f10000]
 total_blobs=4697 nmethods=4199 adapters=410
 compilation: enabled

Compilation events (10 events):
Event: 8.837 Thread 0x0000000019434000 nmethod 4758 0x0000000003e87990 code [0x0000000003e87b20, 0x0000000003e87fa8]
Event: 8.837 Thread 0x0000000019434000 4759       1       org.springframework.beans.factory.config.DependencyDescriptor::isEager (5 bytes)
Event: 8.837 Thread 0x0000000019434000 nmethod 4759 0x0000000003e37b90 code [0x0000000003e37ce0, 0x0000000003e37df0]
Event: 8.837 Thread 0x0000000019434000 4760       1       org.springframework.beans.factory.config.DependencyDescriptor::resolveShortcut (2 bytes)
Event: 8.837 Thread 0x0000000019434000 nmethod 4760 0x0000000003e65f10 code [0x0000000003e66060, 0x0000000003e66170]
Event: 8.840 Thread 0x0000000019427800 nmethod 4740 0x0000000003eb0e10 code [0x0000000003eb11a0, 0x0000000003eb2e78]
Event: 8.841 Thread 0x0000000019427800 4745   !   4       org.springframework.core.annotation.AnnotatedElementUtils::searchWithFindSemantics (774 bytes)
Event: 8.867 Thread 0x0000000019434000 4761       3       org.aspectj.weaver.TypeVariable::getFirstBound (78 bytes)
Event: 8.867 Thread 0x0000000019434000 nmethod 4761 0x0000000003e87210 code [0x0000000003e873a0, 0x0000000003e87838]
Event: 8.879 Thread 0x0000000019434000 4762   !   3       org.springframework.beans.factory.support.AbstractBeanFactory::registerCustomEditors (241 bytes)

GC Heap History (10 events):
Event: 1.810 GC heap before
{Heap before GC invocations=6 (full 1):
 PSYoungGen      total 61952K, used 4605K [0x00000000daf00000, 0x00000000e2f00000, 0x0000000100000000)
  eden space 57344K, 0% used [0x00000000daf00000,0x00000000daf00000,0x00000000de700000)
  from space 4608K, 99% used [0x00000000de700000,0x00000000deb7f478,0x00000000deb80000)
  to   space 8192K, 0% used [0x00000000e2700000,0x00000000e2700000,0x00000000e2f00000)
 ParOldGen       total 76800K, used 7439K [0x0000000090c00000, 0x0000000095700000, 0x00000000daf00000)
  object space 76800K, 9% used [0x0000000090c00000,0x0000000091343e40,0x0000000095700000)
 Metaspace       used 20682K, capacity 21204K, committed 21296K, reserved 1067008K
  class space    used 2687K, capacity 2850K, committed 2864K, reserved 1048576K
Event: 1.837 GC heap after
Heap after GC invocations=6 (full 1):
 PSYoungGen      total 61952K, used 0K [0x00000000daf00000, 0x00000000e2f00000, 0x0000000100000000)
  eden space 57344K, 0% used [0x00000000daf00000,0x00000000daf00000,0x00000000de700000)
  from space 4608K, 0% used [0x00000000de700000,0x00000000de700000,0x00000000deb80000)
  to   space 8192K, 0% used [0x00000000e2700000,0x00000000e2700000,0x00000000e2f00000)
 ParOldGen       total 48128K, used 6057K [0x0000000090c00000, 0x0000000093b00000, 0x00000000daf00000)
  object space 48128K, 12% used [0x0000000090c00000,0x00000000911ea7f0,0x0000000093b00000)
 Metaspace       used 20680K, capacity 21198K, committed 21296K, reserved 1067008K
  class space    used 2687K, capacity 2849K, committed 2864K, reserved 1048576K
}
Event: 2.700 GC heap before
{Heap before GC invocations=7 (full 1):
 PSYoungGen      total 61952K, used 57344K [0x00000000daf00000, 0x00000000e2f00000, 0x0000000100000000)
  eden space 57344K, 100% used [0x00000000daf00000,0x00000000de700000,0x00000000de700000)
  from space 4608K, 0% used [0x00000000de700000,0x00000000de700000,0x00000000deb80000)
  to   space 8192K, 0% used [0x00000000e2700000,0x00000000e2700000,0x00000000e2f00000)
 ParOldGen       total 48128K, used 6057K [0x0000000090c00000, 0x0000000093b00000, 0x00000000daf00000)
  object space 48128K, 12% used [0x0000000090c00000,0x00000000911ea7f0,0x0000000093b00000)
 Metaspace       used 25574K, capacity 26408K, committed 26544K, reserved 1073152K
  class space    used 3260K, capacity 3450K, committed 3504K, reserved 1048576K
Event: 2.710 GC heap after
Heap after GC invocations=7 (full 1):
 PSYoungGen      total 100352K, used 6589K [0x00000000daf00000, 0x00000000e2d80000, 0x0000000100000000)
  eden space 93696K, 0% used [0x00000000daf00000,0x00000000daf00000,0x00000000e0a80000)
  from space 6656K, 98% used [0x00000000e2700000,0x00000000e2d6f4a0,0x00000000e2d80000)
  to   space 8192K, 0% used [0x00000000e1d80000,0x00000000e1d80000,0x00000000e2580000)
 ParOldGen       total 48128K, used 6130K [0x0000000090c00000, 0x0000000093b00000, 0x00000000daf00000)
  object space 48128K, 12% used [0x0000000090c00000,0x00000000911fc800,0x0000000093b00000)
 Metaspace       used 25574K, capacity 26408K, committed 26544K, reserved 1073152K
  class space    used 3260K, capacity 3450K, committed 3504K, reserved 1048576K
}
Event: 4.203 GC heap before
{Heap before GC invocations=8 (full 1):
 PSYoungGen      total 100352K, used 97949K [0x00000000daf00000, 0x00000000e2d80000, 0x0000000100000000)
  eden space 93696K, 97% used [0x00000000daf00000,0x00000000e0838128,0x00000000e0a80000)
  from space 6656K, 98% used [0x00000000e2700000,0x00000000e2d6f4a0,0x00000000e2d80000)
  to   space 8192K, 0% used [0x00000000e1d80000,0x00000000e1d80000,0x00000000e2580000)
 ParOldGen       total 48128K, used 6130K [0x0000000090c00000, 0x0000000093b00000, 0x00000000daf00000)
  object space 48128K, 12% used [0x0000000090c00000,0x00000000911fc800,0x0000000093b00000)
 Metaspace       used 34338K, capacity 35320K, committed 35496K, reserved 1079296K
  class space    used 4463K, capacity 4676K, committed 4776K, reserved 1048576K
Event: 4.215 GC heap after
Heap after GC invocations=8 (full 1):
 PSYoungGen      total 121344K, used 8186K [0x00000000daf00000, 0x00000000e5880000, 0x0000000100000000)
  eden space 113152K, 0% used [0x00000000daf00000,0x00000000daf00000,0x00000000e1d80000)
  from space 8192K, 99% used [0x00000000e1d80000,0x00000000e257e890,0x00000000e2580000)
  to   space 12288K, 0% used [0x00000000e4c80000,0x00000000e4c80000,0x00000000e5880000)
 ParOldGen       total 48128K, used 12314K [0x0000000090c00000, 0x0000000093b00000, 0x00000000daf00000)
  object space 48128K, 25% used [0x0000000090c00000,0x0000000091806938,0x0000000093b00000)
 Metaspace       used 34338K, capacity 35320K, committed 35496K, reserved 1079296K
  class space    used 4463K, capacity 4676K, committed 4776K, reserved 1048576K
}
Event: 4.215 GC heap before
{Heap before GC invocations=9 (full 2):
 PSYoungGen      total 121344K, used 8186K [0x00000000daf00000, 0x00000000e5880000, 0x0000000100000000)
  eden space 113152K, 0% used [0x00000000daf00000,0x00000000daf00000,0x00000000e1d80000)
  from space 8192K, 99% used [0x00000000e1d80000,0x00000000e257e890,0x00000000e2580000)
  to   space 12288K, 0% used [0x00000000e4c80000,0x00000000e4c80000,0x00000000e5880000)
 ParOldGen       total 48128K, used 12314K [0x0000000090c00000, 0x0000000093b00000, 0x00000000daf00000)
  object space 48128K, 25% used [0x0000000090c00000,0x0000000091806938,0x0000000093b00000)
 Metaspace       used 34338K, capacity 35320K, committed 35496K, reserved 1079296K
  class space    used 4463K, capacity 4676K, committed 4776K, reserved 1048576K
Event: 4.276 GC heap after
Heap after GC invocations=9 (full 2):
 PSYoungGen      total 121344K, used 0K [0x00000000daf00000, 0x00000000e5880000, 0x0000000100000000)
  eden space 113152K, 0% used [0x00000000daf00000,0x00000000daf00000,0x00000000e1d80000)
  from space 8192K, 0% used [0x00000000e1d80000,0x00000000e1d80000,0x00000000e2580000)
  to   space 12288K, 0% used [0x00000000e4c80000,0x00000000e4c80000,0x00000000e5880000)
 ParOldGen       total 81408K, used 18454K [0x0000000090c00000, 0x0000000095b80000, 0x00000000daf00000)
  object space 81408K, 22% used [0x0000000090c00000,0x0000000091e058f0,0x0000000095b80000)
 Metaspace       used 34338K, capacity 35320K, committed 35496K, reserved 1079296K
  class space    used 4463K, capacity 4676K, committed 4776K, reserved 1048576K
}
Event: 7.565 GC heap before
{Heap before GC invocations=10 (full 2):
 PSYoungGen      total 121344K, used 113152K [0x00000000daf00000, 0x00000000e5880000, 0x0000000100000000)
  eden space 113152K, 100% used [0x00000000daf00000,0x00000000e1d80000,0x00000000e1d80000)
  from space 8192K, 0% used [0x00000000e1d80000,0x00000000e1d80000,0x00000000e2580000)
  to   space 12288K, 0% used [0x00000000e4c80000,0x00000000e4c80000,0x00000000e5880000)
 ParOldGen       total 81408K, used 18454K [0x0000000090c00000, 0x0000000095b80000, 0x00000000daf00000)
  object space 81408K, 22% used [0x0000000090c00000,0x0000000091e058f0,0x0000000095b80000)
 Metaspace       used 44472K, capacity 46106K, committed 46376K, reserved 1089536K
  class space    used 5744K, capacity 6075K, committed 6184K, reserved 1048576K
Event: 7.577 GC heap after
Heap after GC invocations=10 (full 2):
 PSYoungGen      total 160256K, used 11151K [0x00000000daf00000, 0x00000000e6a80000, 0x0000000100000000)
  eden space 147968K, 0% used [0x00000000daf00000,0x00000000daf00000,0x00000000e3f80000)
  from space 12288K, 90% used [0x00000000e4c80000,0x00000000e5763c78,0x00000000e5880000)
  to   space 13312K, 0% used [0x00000000e3f80000,0x00000000e3f80000,0x00000000e4c80000)
 ParOldGen       total 81408K, used 18462K [0x0000000090c00000, 0x0000000095b80000, 0x00000000daf00000)
  object space 81408K, 22% used [0x0000000090c00000,0x0000000091e078f0,0x0000000095b80000)
 Metaspace       used 44472K, capacity 46106K, committed 46376K, reserved 1089536K
  class space    used 5744K, capacity 6075K, committed 6184K, reserved 1048576K
}

Deoptimization events (10 events):
Event: 8.536 Thread 0x0000000002e15000 Uncommon trap: reason=unstable_if action=reinterpret pc=0x00000000033142d8 method=java.util.concurrent.ConcurrentHashMap.transfer([Ljava/util/concurrent/ConcurrentHashMap$Node;[Ljava/util/concurrent/ConcurrentHashMap$Node;)V @ 356
Event: 8.548 Thread 0x0000000002e15000 Uncommon trap: reason=unstable_if action=reinterpret pc=0x0000000003418c48 method=org.springframework.beans.factory.support.AbstractBeanFactory.isTypeMatch(Ljava/lang/String;Lorg/springframework/core/ResolvableType;)Z @ 26
Event: 8.602 Thread 0x0000000002e15000 Uncommon trap: reason=array_check action=maybe_recompile pc=0x0000000003e4341c method=org.aspectj.weaver.ResolvedMemberImpl.resolve(Lorg/aspectj/weaver/World;)Lorg/aspectj/weaver/ResolvedMember; @ 139
Event: 8.603 Thread 0x0000000002e15000 Uncommon trap: reason=array_check action=maybe_recompile pc=0x0000000003e4341c method=org.aspectj.weaver.ResolvedMemberImpl.resolve(Lorg/aspectj/weaver/World;)Lorg/aspectj/weaver/ResolvedMember; @ 139
Event: 8.603 Thread 0x0000000002e15000 Uncommon trap: reason=array_check action=maybe_recompile pc=0x0000000003e4341c method=org.aspectj.weaver.ResolvedMemberImpl.resolve(Lorg/aspectj/weaver/World;)Lorg/aspectj/weaver/ResolvedMember; @ 139
Event: 8.603 Thread 0x0000000002e15000 Uncommon trap: reason=array_check action=maybe_recompile pc=0x0000000003e4341c method=org.aspectj.weaver.ResolvedMemberImpl.resolve(Lorg/aspectj/weaver/World;)Lorg/aspectj/weaver/ResolvedMember; @ 139
Event: 8.617 Thread 0x0000000002e15000 Uncommon trap: reason=class_check action=maybe_recompile pc=0x00000000033710d4 method=java.lang.reflect.Array.newInstance(Ljava/lang/Class;I)Ljava/lang/Object; @ 2
Event: 8.618 Thread 0x0000000002e15000 Uncommon trap: reason=class_check action=maybe_recompile pc=0x00000000033710d4 method=java.lang.reflect.Array.newInstance(Ljava/lang/Class;I)Ljava/lang/Object; @ 2
Event: 8.618 Thread 0x0000000002e15000 Uncommon trap: reason=class_check action=maybe_recompile pc=0x00000000033710d4 method=java.lang.reflect.Array.newInstance(Ljava/lang/Class;I)Ljava/lang/Object; @ 2
Event: 8.619 Thread 0x0000000002e15000 Uncommon trap: reason=class_check action=maybe_recompile pc=0x00000000033710d4 method=java.lang.reflect.Array.newInstance(Ljava/lang/Class;I)Ljava/lang/Object; @ 2

Classes redefined (0 events):
No events

Internal exceptions (10 events):
Event: 7.994 Thread 0x0000000002e15000 Exception <a 'java/lang/ClassNotFoundException': org/springframework/boot/autoconfigure/web/servlet/WebMvcAutoConfiguration$EnableWebMvcConfiguration$$EnhancerBySpringCGLIB$$2301ef26Customizer> (0x00000000dd807c68) thrown at [C:\re\workspace\8-2-build-win
Event: 7.996 Thread 0x0000000002e15000 Exception <a 'java/lang/ClassNotFoundException': org/springframework/context/annotation/ConfigurationClassEnhancer$EnhancedConfigurationCustomizer> (0x00000000dd84d4c8) thrown at [C:\re\workspace\8-2-build-windows-amd64-cygwin\jdk8u211\12973\hotspot\src\s
Event: 7.996 Thread 0x0000000002e15000 Exception <a 'java/lang/ClassNotFoundException': org/springframework/beans/factory/BeanFactoryAwareCustomizer> (0x00000000dd863b98) thrown at [C:\re\workspace\8-2-build-windows-amd64-cygwin\jdk8u211\12973\hotspot\src\share\vm\classfile\systemDictionary.cp
Event: 7.996 Thread 0x0000000002e15000 Exception <a 'java/lang/ClassNotFoundException': org/springframework/beans/factory/AwareCustomizer> (0x00000000dd878830) thrown at [C:\re\workspace\8-2-build-windows-amd64-cygwin\jdk8u211\12973\hotspot\src\share\vm\classfile\systemDictionary.cpp, line 210
Event: 7.997 Thread 0x0000000002e15000 Exception <a 'java/lang/ClassNotFoundException': org/springframework/context/ResourceLoaderAwareCustomizer> (0x00000000dd88dcf8) thrown at [C:\re\workspace\8-2-build-windows-amd64-cygwin\jdk8u211\12973\hotspot\src\share\vm\classfile\systemDictionary.cpp, 
Event: 7.997 Thread 0x0000000002e15000 Exception <a 'java/lang/ClassNotFoundException': org/springframework/beans/factory/AwareCustomizer> (0x00000000dd8a2360) thrown at [C:\re\workspace\8-2-build-windows-amd64-cygwin\jdk8u211\12973\hotspot\src\share\vm\classfile\systemDictionary.cpp, line 210
Event: 7.997 Thread 0x0000000002e15000 Exception <a 'java/lang/ClassNotFoundException': org/springframework/context/ApplicationContextAwareCustomizer> (0x00000000dd8b8d08) thrown at [C:\re\workspace\8-2-build-windows-amd64-cygwin\jdk8u211\12973\hotspot\src\share\vm\classfile\systemDictionary.c
Event: 7.998 Thread 0x0000000002e15000 Exception <a 'java/lang/ClassNotFoundException': org/springframework/beans/factory/AwareCustomizer> (0x00000000dd8cd978) thrown at [C:\re\workspace\8-2-build-windows-amd64-cygwin\jdk8u211\12973\hotspot\src\share\vm\classfile\systemDictionary.cpp, line 210
Event: 7.998 Thread 0x0000000002e15000 Exception <a 'java/lang/ClassNotFoundException': org/springframework/web/context/ServletContextAwareCustomizer> (0x00000000dd8e4368) thrown at [C:\re\workspace\8-2-build-windows-amd64-cygwin\jdk8u211\12973\hotspot\src\share\vm\classfile\systemDictionary.c
Event: 7.998 Thread 0x0000000002e15000 Exception <a 'java/lang/ClassNotFoundException': org/springframework/beans/factory/AwareCustomizer> (0x00000000dd8f8a48) thrown at [C:\re\workspace\8-2-build-windows-amd64-cygwin\jdk8u211\12973\hotspot\src\share\vm\classfile\systemDictionary.cpp, line 210

Events (10 events):
Event: 8.874 loading class org/springframework/data/mapping/PersistentPropertyPaths
Event: 8.874 loading class org/springframework/data/mapping/PersistentPropertyPaths done
Event: 8.875 loading class org/springframework/data/mapping/PropertyPath
Event: 8.875 loading class org/springframework/data/mapping/PropertyPath done
Event: 8.876 loading class org/springframework/data/mapping/PersistentPropertyPath
Event: 8.876 loading class org/springframework/data/mapping/PersistentPropertyPath done
Event: 8.877 loading class org/springframework/data/mapping/context/InvalidPersistentPropertyPath
Event: 8.877 loading class org/springframework/data/mapping/context/InvalidPersistentPropertyPath done
Event: 8.879 loading class org/springframework/data/redis/core/index/IndexDefinition
Event: 8.879 loading class org/springframework/data/redis/core/index/IndexDefinition done


Dynamic libraries:
0x00007ff62ff10000 - 0x00007ff62ff47000 	C:\Program Files\Java\jdk1.8.0_211\bin\javaw.exe
0x00007ff85fa80000 - 0x00007ff85fc70000 	C:\WINDOWS\SYSTEM32\ntdll.dll
0x00007ff85e5d0000 - 0x00007ff85e682000 	C:\WINDOWS\System32\KERNEL32.DLL
0x00007ff85ce60000 - 0x00007ff85d104000 	C:\WINDOWS\System32\KERNELBASE.dll
0x00007ff85dc30000 - 0x00007ff85dcd3000 	C:\WINDOWS\System32\ADVAPI32.dll
0x00007ff85db90000 - 0x00007ff85dc2e000 	C:\WINDOWS\System32\msvcrt.dll
0x00007ff85f5d0000 - 0x00007ff85f667000 	C:\WINDOWS\System32\sechost.dll
0x00007ff85f920000 - 0x00007ff85fa40000 	C:\WINDOWS\System32\RPCRT4.dll
0x00007ff85f430000 - 0x00007ff85f5c5000 	C:\WINDOWS\System32\USER32.dll
0x00007ff85cbf0000 - 0x00007ff85cc11000 	C:\WINDOWS\System32\win32u.dll
0x00007ff85f8f0000 - 0x00007ff85f916000 	C:\WINDOWS\System32\GDI32.dll
0x00007ff85ca50000 - 0x00007ff85cbe6000 	C:\WINDOWS\System32\gdi32full.dll
0x00007ff85cdc0000 - 0x00007ff85ce5e000 	C:\WINDOWS\System32\msvcp_win.dll
0x00007ff85d1c0000 - 0x00007ff85d2ba000 	C:\WINDOWS\System32\ucrtbase.dll
0x00007ff84fa50000 - 0x00007ff84fcd4000 	C:\WINDOWS\WinSxS\amd64_microsoft.windows.common-controls_6595b64144ccf1df_6.0.18362.1016_none_9e7a36bbe461dae4\COMCTL32.dll
0x00007ff85e900000 - 0x00007ff85ec35000 	C:\WINDOWS\System32\combase.dll
0x00007ff85da50000 - 0x00007ff85dad0000 	C:\WINDOWS\System32\bcryptPrimitives.dll
0x00007ff85e8d0000 - 0x00007ff85e8fe000 	C:\WINDOWS\System32\IMM32.DLL
0x000000006cdd0000 - 0x000000006cea2000 	C:\Program Files\Java\jdk1.8.0_211\jre\bin\msvcr100.dll
0x000000006bef0000 - 0x000000006c795000 	C:\Program Files\Java\jdk1.8.0_211\jre\bin\server\jvm.dll
0x00007ff85f270000 - 0x00007ff85f278000 	C:\WINDOWS\System32\PSAPI.DLL
0x00007ff85a510000 - 0x00007ff85a534000 	C:\WINDOWS\SYSTEM32\WINMM.dll
0x00007ff85ab60000 - 0x00007ff85ab69000 	C:\WINDOWS\SYSTEM32\WSOCK32.dll
0x00007ff856e90000 - 0x00007ff856e9a000 	C:\WINDOWS\SYSTEM32\VERSION.dll
0x00007ff85f690000 - 0x00007ff85f6ff000 	C:\WINDOWS\System32\WS2_32.dll
0x00007ff85a300000 - 0x00007ff85a32d000 	C:\WINDOWS\SYSTEM32\winmmbase.dll
0x00007ff85cc20000 - 0x00007ff85cc6a000 	C:\WINDOWS\System32\cfgmgr32.dll
0x00007ff85aae0000 - 0x00007ff85aaef000 	C:\Program Files\Java\jdk1.8.0_211\jre\bin\verify.dll
0x00007ff84a9a0000 - 0x00007ff84a9c9000 	C:\Program Files\Java\jdk1.8.0_211\jre\bin\java.dll
0x00007ff8591e0000 - 0x00007ff8591f6000 	C:\Program Files\Java\jdk1.8.0_211\jre\bin\zip.dll
0x00007ff85ddc0000 - 0x00007ff85e4a7000 	C:\WINDOWS\System32\SHELL32.dll
0x00007ff85e4b0000 - 0x00007ff85e559000 	C:\WINDOWS\System32\shcore.dll
0x00007ff85d2c0000 - 0x00007ff85da42000 	C:\WINDOWS\System32\windows.storage.dll
0x00007ff85c9b0000 - 0x00007ff85c9d3000 	C:\WINDOWS\System32\profapi.dll
0x00007ff85c940000 - 0x00007ff85c98a000 	C:\WINDOWS\System32\powrprof.dll
0x00007ff85c930000 - 0x00007ff85c940000 	C:\WINDOWS\System32\UMPDC.dll
0x00007ff85db30000 - 0x00007ff85db82000 	C:\WINDOWS\System32\shlwapi.dll
0x00007ff85c990000 - 0x00007ff85c9a1000 	C:\WINDOWS\System32\kernel.appcore.dll
0x00007ff85ca30000 - 0x00007ff85ca47000 	C:\WINDOWS\System32\cryptsp.dll
0x00007ff85aad0000 - 0x00007ff85aadd000 	C:\Program Files\Java\jdk1.8.0_211\jre\bin\management.dll
0x00007ff84e530000 - 0x00007ff84e54a000 	C:\Program Files\Java\jdk1.8.0_211\jre\bin\net.dll
0x00007ff856b60000 - 0x00007ff856d36000 	C:\WINDOWS\SYSTEM32\urlmon.dll
0x00007ff8515e0000 - 0x00007ff851886000 	C:\WINDOWS\SYSTEM32\iertutil.dll
0x00007ff85c300000 - 0x00007ff85c30c000 	C:\WINDOWS\SYSTEM32\CRYPTBASE.DLL
0x00007ff85c130000 - 0x00007ff85c197000 	C:\WINDOWS\system32\mswsock.dll
0x00007ff84ba50000 - 0x00007ff84ba66000 	C:\WINDOWS\system32\napinsp.dll
0x00007ff84ba00000 - 0x00007ff84ba1a000 	C:\WINDOWS\system32\pnrpnsp.dll
0x00007ff85be80000 - 0x00007ff85bf4b000 	C:\WINDOWS\SYSTEM32\DNSAPI.dll
0x00007ff85f810000 - 0x00007ff85f818000 	C:\WINDOWS\System32\NSI.dll
0x00007ff85be40000 - 0x00007ff85be7a000 	C:\WINDOWS\SYSTEM32\IPHLPAPI.DLL
0x00007ff84bca0000 - 0x00007ff84bcae000 	C:\WINDOWS\System32\winrnr.dll
0x00007ff859190000 - 0x00007ff8591ac000 	C:\WINDOWS\system32\NLAapi.dll
0x00007ff84b960000 - 0x00007ff84b975000 	C:\WINDOWS\system32\wshbth.dll
0x00007ff857b20000 - 0x00007ff857b2a000 	C:\Windows\System32\rasadhlp.dll
0x00007ff857c20000 - 0x00007ff857c97000 	C:\WINDOWS\System32\fwpuclnt.dll
0x00007ff85ca00000 - 0x00007ff85ca26000 	C:\WINDOWS\System32\bcrypt.dll
0x00007ff84a980000 - 0x00007ff84a992000 	C:\Program Files\Java\jdk1.8.0_211\jre\bin\nio.dll
0x0000000180000000 - 0x000000018020e000 	C:\Windows\System32\tcnative-1.dll
0x00007ff85bca0000 - 0x00007ff85bcd3000 	C:\WINDOWS\system32\rsaenh.dll
0x00007ff85c820000 - 0x00007ff85c845000 	C:\WINDOWS\SYSTEM32\USERENV.dll
0x00007ff857e40000 - 0x00007ff857e56000 	C:\WINDOWS\SYSTEM32\dhcpcsvc6.DLL
0x00007ff857e20000 - 0x00007ff857e3c000 	C:\WINDOWS\SYSTEM32\dhcpcsvc.DLL

VM Arguments:
jvm_args: -Dfile.encoding=UTF-8 
java_command: com.wuliu.fa.FaApplication
java_class_path (initial): D:\开发工具\tts9\tts9\workspace\fa\target\classes;D:\tts9\repository\org\springframework\boot\spring-boot-starter-thymeleaf\2.1.16.RELEASE\spring-boot-starter-thymeleaf-2.1.16.RELEASE.jar;D:\tts9\repository\org\springframework\boot\spring-boot-starter\2.1.16.RELEASE\spring-boot-starter-2.1.16.RELEASE.jar;D:\tts9\repository\org\springframework\boot\spring-boot\2.1.16.RELEASE\spring-boot-2.1.16.RELEASE.jar;D:\tts9\repository\org\springframework\boot\spring-boot-autoconfigure\2.1.16.RELEASE\spring-boot-autoconfigure-2.1.16.RELEASE.jar;D:\tts9\repository\org\springframework\boot\spring-boot-starter-logging\2.1.16.RELEASE\spring-boot-starter-logging-2.1.16.RELEASE.jar;D:\tts9\repository\ch\qos\logback\logback-classic\1.2.3\logback-classic-1.2.3.jar;D:\tts9\repository\ch\qos\logback\logback-core\1.2.3\logback-core-1.2.3.jar;D:\tts9\repository\org\apache\logging\log4j\log4j-to-slf4j\2.11.2\log4j-to-slf4j-2.11.2.jar;D:\tts9\repository\org\apache\logging\log4j\log4j-api\2.11.2\log4j-api-2.11.2.jar;D:\tts9\repository\org\slf4j\jul-to-slf4j\1.7.30\jul-to-slf4j-1.7.30.jar;D:\tts9\repository\javax\annotation\javax.annotation-api\1.3.2\javax.annotation-api-1.3.2.jar;D:\tts9\repository\org\yaml\snakeyaml\1.23\snakeyaml-1.23.jar;D:\tts9\repository\org\thymeleaf\thymeleaf-spring5\3.0.11.RELEASE\thymeleaf-spring5-3.0.11.RELEASE.jar;D:\tts9\repository\org\thymeleaf\thymeleaf\3.0.11.RELEASE\thymeleaf-3.0.11.RELEASE.jar;D:\tts9\repository\org\attoparser\attoparser\2.0.5.RELEASE\attoparser-2.0.5.RELEASE.jar;D:\tts9\repository\org\unbescape\unbescape\1.1.6.RELEASE\unbescape-1.1.6.RELEASE.jar;D:\tts9\repository\org\slf4j\slf4j-api\1.7.30\slf4j-api-1.7.30.jar;D:\tts9\repository\org\thymeleaf\extras\thymeleaf-extras-java8time\3.0.4.RELEASE\thymeleaf-extras-java8time-3.0.4.RELEASE.jar;D:\tts9\repository\org\tuckey\urlrewritefilter\4.0.4\urlrewritefilter-4.0.4.jar;D:\tts9\repository\org\springframework\boot\spring-boot-starter-aop\2.1.16.RELEASE\spring-boot-starter
Launcher Type: SUN_STANDARD

Environment Variables:
JAVA_HOME=D:\开发工具\tts9\tts9\jdk1.8.0_45
CLASSPATH=.
PATH=D:/开发工具/tts9/tts9/jdk1.8.0_45/bin/../jre/bin/client;D:/开发工具/tts9/tts9/jdk1.8.0_45/bin/../jre/bin;D:/开发工具/tts9/tts9/jdk1.8.0_45/bin/../jre/lib/i386;D:\开发工具\tts9\tts9\jdk1.8.0_45\bin;D:\迅雷下载\;C:\Program Files (x86)\Common Files\Oracle\Java\javapath;C:\WINDOWS\system32;C:\WINDOWS;C:\WINDOWS\System32\Wbem;C:\WINDOWS\System32\WindowsPowerShell\v1.0\;C:\WINDOWS\System32\OpenSSH\;C:\Program Files\Java\jdk1.8.0_211\bin;C:\Program Files\Java\jdk1.8.0_211\jre\bin;D:\开发工具\tts9\tts9\apache-maven-3.3.9\bin;D:\;置服务器\jenkins-2.185\Git\cmd;置服务器\bin;:\配置服务器\jenkins-2.185\Git\cmd;D:\fuwuqi\Git\Git\cmd;C:\Program Files (x86)\Bitvise SSH Client;D:\360安全浏览器下载\;";D:\迅雷下载\apache-tomcat-9.0.37-src\bin;%CATALINA_HOME%\lib";C:\Users\Admin\AppData\Local\Microsoft\WindowsApps;C:\Users\Admin\AppData\Roaming\npm;D:\360安全浏览器下载\VSCode\Microsoft VS Code\bin;;D:\开发工具\tts9\tts9;
USERNAME=Admin
OS=Windows_NT
PROCESSOR_IDENTIFIER=AMD64 Family 23 Model 17 Stepping 0, AuthenticAMD



---------------  S Y S T E M  ---------------

OS: Windows 10.0 , 64 bit Build 18362 (10.0.18362.959)

CPU:total 8 (initial active 8) (8 cores per cpu, 1 threads per core) family 23 model 17 stepping 0, cmov, cx8, fxsr, mmx, sse, sse2, sse3, ssse3, sse4.1, sse4.2, popcnt, avx, avx2, aes, clmul, mmxext, 3dnowpref, lzcnt, sse4a, tsc, tscinvbit, tscinv, bmi1

Memory: 4k page, physical 7287780k(609556k free), swap 15676388k(5672k free)

vm_info: Java HotSpot(TM) 64-Bit Server VM (25.211-b12) for windows-amd64 JRE (1.8.0_211-b12), built on Apr  1 2019 20:53:26 by "java_re" with MS VC++ 10.0 (VS2010)

time: Tue Aug 25 11:47:41 2020
timezone: 中国标准时间
elapsed time: 8 seconds (0d 0h 0m 8s)

