#
# There is insufficient memory for the Java Runtime Environment to continue.
# Native memory allocation (malloc) failed to allocate 1133696 bytes for Chunk::new
# Possible reasons:
#   The system is out of physical RAM or swap space
#   The process is running with CompressedOops enabled, and the Java Heap may be blocking the growth of the native heap
# Possible solutions:
#   Reduce memory load on the system
#   Increase physical memory or swap space
#   Check if swap backing store is full
#   Decrease Java heap size (-Xmx/-Xms)
#   Decrease number of Java threads
#   Decrease Java thread stack sizes (-Xss)
#   Set larger code cache with -XX:ReservedCodeCacheSize=
#   JVM is running with Unscaled Compressed Oops mode in which the Java heap is
#     placed in the first 4GB address space. The Java Heap base address is the
#     maximum limit for the native heap growth. Please use -XX:HeapBaseMinAddress
#     to set the Java Heap base and to place the Java Heap above 4GB virtual address.
# This output file may be truncated or incomplete.
#
#  Out of Memory Error (allocation.cpp:389), pid=28916, tid=0x000000000000330c
#
# JRE version: Java(TM) SE Runtime Environment (8.0_211-b12) (build 1.8.0_211-b12)
# Java VM: Java HotSpot(TM) 64-Bit Server VM (25.211-b12 mixed mode windows-amd64 compressed oops)
# Failed to write core dump. Minidumps are not enabled by default on client versions of Windows
#

---------------  T H R E A D  ---------------

Current thread (0x0000000019a71000):  JavaThread "C2 CompilerThread2" daemon [_thread_in_native, id=13068, stack(0x000000001a3d0000,0x000000001a4d0000)]

Stack: [0x000000001a3d0000,0x000000001a4d0000]
[error occurred during error reporting (printing stack bounds), id 0xc0000005]

Native frames: (J=compiled Java code, j=interpreted, Vv=VM code, C=native code)


Current CompileTask:
C2:   7646 4263   !   4       org.springframework.core.annotation.AnnotatedElementUtils::searchWithFindSemantics (774 bytes)


---------------  P R O C E S S  ---------------

Java Threads: ( => current thread )
  0x000000001ef4a800 JavaThread "http-nio-10002-Acceptor" daemon [_thread_in_native, id=4716, stack(0x00000000220e0000,0x00000000221e0000)]
  0x000000001ef48000 JavaThread "http-nio-10002-ClientPoller" daemon [_thread_in_native, id=24308, stack(0x0000000021fe0000,0x00000000220e0000)]
  0x000000001ef4e000 JavaThread "http-nio-10002-exec-10" daemon [_thread_blocked, id=28952, stack(0x0000000021ee0000,0x0000000021fe0000)]
  0x0000000019be6800 JavaThread "http-nio-10002-exec-9" daemon [_thread_blocked, id=15312, stack(0x0000000021de0000,0x0000000021ee0000)]
  0x0000000019be5000 JavaThread "http-nio-10002-exec-8" daemon [_thread_blocked, id=21992, stack(0x0000000021ce0000,0x0000000021de0000)]
  0x0000000019be2800 JavaThread "http-nio-10002-exec-7" daemon [_thread_blocked, id=33132, stack(0x0000000021be0000,0x0000000021ce0000)]
  0x0000000019be4000 JavaThread "http-nio-10002-exec-6" daemon [_thread_blocked, id=33332, stack(0x0000000021ae0000,0x0000000021be0000)]
  0x0000000019be8000 JavaThread "http-nio-10002-exec-5" daemon [_thread_blocked, id=20672, stack(0x00000000219e0000,0x0000000021ae0000)]
  0x0000000019be8800 JavaThread "http-nio-10002-exec-4" daemon [_thread_blocked, id=15576, stack(0x00000000218e0000,0x00000000219e0000)]
  0x0000000019be3800 JavaThread "http-nio-10002-exec-3" daemon [_thread_blocked, id=22740, stack(0x00000000217e0000,0x00000000218e0000)]
  0x000000001b07e000 JavaThread "http-nio-10002-exec-2" daemon [_thread_blocked, id=20468, stack(0x00000000216e0000,0x00000000217e0000)]
  0x000000001b36e800 JavaThread "http-nio-10002-exec-1" daemon [_thread_blocked, id=33124, stack(0x00000000215e0000,0x00000000216e0000)]
  0x000000001cf56800 JavaThread "http-nio-10002-BlockPoller" daemon [_thread_in_native, id=18400, stack(0x0000000021160000,0x0000000021260000)]
  0x000000001ee51800 JavaThread "mysql-cj-abandoned-connection-cleanup" daemon [_thread_blocked, id=18128, stack(0x0000000020c60000,0x0000000020d60000)]
  0x000000001ea4d000 JavaThread "container-0" [_thread_blocked, id=30088, stack(0x0000000020b60000,0x0000000020c60000)]
  0x000000001bda1800 JavaThread "Catalina-utility-2" [_thread_blocked, id=25488, stack(0x000000001e1f0000,0x000000001e2f0000)]
  0x000000001ac53000 JavaThread "Catalina-utility-1" [_thread_blocked, id=28620, stack(0x000000001de70000,0x000000001df70000)]
  0x0000000019ae1000 JavaThread "Service Thread" daemon [_thread_blocked, id=16800, stack(0x000000001a5d0000,0x000000001a6d0000)]
  0x0000000019a82000 JavaThread "C1 CompilerThread3" daemon [_thread_in_native, id=27728, stack(0x000000001a4d0000,0x000000001a5d0000)]
=>0x0000000019a71000 JavaThread "C2 CompilerThread2" daemon [_thread_in_native, id=13068, stack(0x000000001a3d0000,0x000000001a4d0000)]
  0x0000000019a6b000 JavaThread "C2 CompilerThread1" daemon [_thread_in_native, id=32400, stack(0x000000001a2d0000,0x000000001a3d0000)]
  0x0000000019a65000 JavaThread "C2 CompilerThread0" daemon [_thread_in_native, id=21464, stack(0x000000001a1d0000,0x000000001a2d0000)]
  0x0000000019a63000 JavaThread "Attach Listener" daemon [_thread_blocked, id=29144, stack(0x000000001a0d0000,0x000000001a1d0000)]
  0x0000000019a62800 JavaThread "Signal Dispatcher" daemon [_thread_blocked, id=30436, stack(0x0000000019fd0000,0x000000001a0d0000)]
  0x00000000199f1800 JavaThread "Finalizer" daemon [_thread_blocked, id=20588, stack(0x0000000019ed0000,0x0000000019fd0000)]
  0x00000000199f0800 JavaThread "Reference Handler" daemon [_thread_blocked, id=23848, stack(0x0000000019dd0000,0x0000000019ed0000)]
  0x0000000003434800 JavaThread "main" [_thread_in_vm, id=3304, stack(0x0000000002f30000,0x0000000003030000)]

Other Threads:
  0x0000000017bda000 VMThread [stack: 0x00000000198d0000,0x00000000199d0000] [id=16972]
  0x0000000019ae7000 WatcherThread [stack: 0x000000001a6d0000,0x000000001a7d0000] [id=360]

VM state:not at safepoint (normal execution)

VM Mutex/Monitor currently owned by a thread: None

heap address: 0x0000000090c00000, size: 1780 MB, Compressed Oops mode: 32-bit
Narrow klass base: 0x0000000000000000, Narrow klass shift: 3
Compressed class space size: 1073741824 Address: 0x0000000100000000

Heap:
 PSYoungGen      total 141312K, used 43142K [0x00000000daf00000, 0x00000000e4580000, 0x0000000100000000)
  eden space 131584K, 27% used [0x00000000daf00000,0x00000000dd1eb740,0x00000000e2f80000)
  from space 9728K, 75% used [0x00000000e3c00000,0x00000000e4336158,0x00000000e4580000)
  to   space 11264K, 0% used [0x00000000e2f80000,0x00000000e2f80000,0x00000000e3a80000)
 ParOldGen       total 77312K, used 13460K [0x0000000090c00000, 0x0000000095780000, 0x00000000daf00000)
  object space 77312K, 17% used [0x0000000090c00000,0x0000000091925380,0x0000000095780000)
 Metaspace       used 41882K, capacity 43662K, committed 43952K, reserved 1087488K
  class space    used 5373K, capacity 5701K, committed 5808K, reserved 1048576K

Card table byte_map: [0x00000000128f0000,0x0000000012c70000] byte_map_base: 0x000000001246a000

Marking Bits: (ParMarkBitMap*) 0x0000000068535ce0
 Begin Bits: [0x00000000136d0000, 0x00000000152a0000)
 End Bits:   [0x00000000152a0000, 0x0000000016e70000)

Polling page: 0x0000000000de0000

CodeCache: size=245760Kb used=14217Kb max_used=15274Kb free=231543Kb
 bounds [0x0000000003530000, 0x0000000004440000, 0x0000000012530000]
 total_blobs=4291 nmethods=3832 adapters=370
 compilation: enabled

Compilation events (10 events):
Event: 7.554 Thread 0x0000000019a82000 4335       3       java.util.Collections$UnmodifiableSet::<init> (6 bytes)
Event: 7.554 Thread 0x0000000019a82000 nmethod 4335 0x00000000039cc250 code [0x00000000039cc3c0, 0x00000000039cc6e8]
Event: 7.555 Thread 0x0000000019a82000 4336       3       java.util.Collections::unmodifiableSet (9 bytes)
Event: 7.555 Thread 0x0000000019a82000 nmethod 4336 0x000000000369cfd0 code [0x000000000369d160, 0x000000000369d508]
Event: 7.557 Thread 0x0000000019a82000 4340       1       org.springframework.boot.autoconfigure.condition.ConditionEvaluationReport$ConditionAndOutcome::getOutcome (5 bytes)
Event: 7.557 Thread 0x0000000019a82000 nmethod 4340 0x0000000003f033d0 code [0x0000000003f03520, 0x0000000003f03630]
Event: 7.559 Thread 0x0000000019a82000 4341       3       java.util.TreeMap::forEach (58 bytes)
Event: 7.560 Thread 0x0000000019a82000 nmethod 4341 0x00000000037aa190 code [0x00000000037aa360, 0x00000000037aaa98]
Event: 7.565 Thread 0x0000000019a82000 4342       3       java.util.EventObject::<init> (24 bytes)
Event: 7.565 Thread 0x0000000019a82000 nmethod 4342 0x0000000003914290 code [0x0000000003914400, 0x00000000039146c8]

GC Heap History (10 events):
Event: 2.392 GC heap before
{Heap before GC invocations=6 (full 1):
 PSYoungGen      total 61952K, used 57344K [0x00000000daf00000, 0x00000000df000000, 0x0000000100000000)
  eden space 57344K, 100% used [0x00000000daf00000,0x00000000de700000,0x00000000de700000)
  from space 4608K, 0% used [0x00000000deb80000,0x00000000deb80000,0x00000000df000000)
  to   space 4608K, 0% used [0x00000000de700000,0x00000000de700000,0x00000000deb80000)
 ParOldGen       total 52224K, used 7744K [0x0000000090c00000, 0x0000000093f00000, 0x00000000daf00000)
  object space 52224K, 14% used [0x0000000090c00000,0x0000000091390380,0x0000000093f00000)
 Metaspace       used 25806K, capacity 26658K, committed 26928K, reserved 1073152K
  class space    used 3326K, capacity 3547K, committed 3632K, reserved 1048576K
Event: 2.403 GC heap after
Heap after GC invocations=6 (full 1):
 PSYoungGen      total 61952K, used 4586K [0x00000000daf00000, 0x00000000e1980000, 0x0000000100000000)
  eden space 57344K, 0% used [0x00000000daf00000,0x00000000daf00000,0x00000000de700000)
  from space 4608K, 99% used [0x00000000de700000,0x00000000deb7a930,0x00000000deb80000)
  to   space 9216K, 0% used [0x00000000e1080000,0x00000000e1080000,0x00000000e1980000)
 ParOldGen       total 52224K, used 10508K [0x0000000090c00000, 0x0000000093f00000, 0x00000000daf00000)
  object space 52224K, 20% used [0x0000000090c00000,0x0000000091643220,0x0000000093f00000)
 Metaspace       used 25806K, capacity 26658K, committed 26928K, reserved 1073152K
  class space    used 3326K, capacity 3547K, committed 3632K, reserved 1048576K
}
Event: 3.450 GC heap before
{Heap before GC invocations=7 (full 1):
 PSYoungGen      total 61952K, used 61930K [0x00000000daf00000, 0x00000000e1980000, 0x0000000100000000)
  eden space 57344K, 100% used [0x00000000daf00000,0x00000000de700000,0x00000000de700000)
  from space 4608K, 99% used [0x00000000de700000,0x00000000deb7a930,0x00000000deb80000)
  to   space 9216K, 0% used [0x00000000e1080000,0x00000000e1080000,0x00000000e1980000)
 ParOldGen       total 52224K, used 10508K [0x0000000090c00000, 0x0000000093f00000, 0x00000000daf00000)
  object space 52224K, 20% used [0x0000000090c00000,0x0000000091643220,0x0000000093f00000)
 Metaspace       used 31702K, capacity 32968K, committed 33072K, reserved 1077248K
  class space    used 4093K, capacity 4366K, committed 4400K, reserved 1048576K
Event: 3.463 GC heap after
Heap after GC invocations=7 (full 1):
 PSYoungGen      total 97792K, used 9186K [0x00000000daf00000, 0x00000000e1c00000, 0x0000000100000000)
  eden space 88576K, 0% used [0x00000000daf00000,0x00000000daf00000,0x00000000e0580000)
  from space 9216K, 99% used [0x00000000e1080000,0x00000000e1978890,0x00000000e1980000)
  to   space 11264K, 0% used [0x00000000e0580000,0x00000000e0580000,0x00000000e1080000)
 ParOldGen       total 52224K, used 11808K [0x0000000090c00000, 0x0000000093f00000, 0x00000000daf00000)
  object space 52224K, 22% used [0x0000000090c00000,0x00000000917883d8,0x0000000093f00000)
 Metaspace       used 31702K, capacity 32968K, committed 33072K, reserved 1077248K
  class space    used 4093K, capacity 4366K, committed 4400K, reserved 1048576K
}
Event: 5.304 GC heap before
{Heap before GC invocations=8 (full 1):
 PSYoungGen      total 97792K, used 29196K [0x00000000daf00000, 0x00000000e1c00000, 0x0000000100000000)
  eden space 88576K, 22% used [0x00000000daf00000,0x00000000dc28a850,0x00000000e0580000)
  from space 9216K, 99% used [0x00000000e1080000,0x00000000e1978890,0x00000000e1980000)
  to   space 11264K, 0% used [0x00000000e0580000,0x00000000e0580000,0x00000000e1080000)
 ParOldGen       total 52224K, used 11808K [0x0000000090c00000, 0x0000000093f00000, 0x00000000daf00000)
  object space 52224K, 22% used [0x0000000090c00000,0x00000000917883d8,0x0000000093f00000)
 Metaspace       used 34055K, capacity 35366K, committed 35496K, reserved 1081344K
  class space    used 4345K, capacity 4601K, committed 4656K, reserved 1048576K
Event: 5.312 GC heap after
Heap after GC invocations=8 (full 1):
 PSYoungGen      total 99840K, used 9229K [0x00000000daf00000, 0x00000000e4780000, 0x0000000100000000)
  eden space 88576K, 0% used [0x00000000daf00000,0x00000000daf00000,0x00000000e0580000)
  from space 11264K, 81% used [0x00000000e0580000,0x00000000e0e83600,0x00000000e1080000)
  to   space 11776K, 0% used [0x00000000e3c00000,0x00000000e3c00000,0x00000000e4780000)
 ParOldGen       total 52224K, used 11816K [0x0000000090c00000, 0x0000000093f00000, 0x00000000daf00000)
  object space 52224K, 22% used [0x0000000090c00000,0x000000009178a3d8,0x0000000093f00000)
 Metaspace       used 34055K, capacity 35366K, committed 35496K, reserved 1081344K
  class space    used 4345K, capacity 4601K, committed 4656K, reserved 1048576K
}
Event: 5.312 GC heap before
{Heap before GC invocations=9 (full 2):
 PSYoungGen      total 99840K, used 9229K [0x00000000daf00000, 0x00000000e4780000, 0x0000000100000000)
  eden space 88576K, 0% used [0x00000000daf00000,0x00000000daf00000,0x00000000e0580000)
  from space 11264K, 81% used [0x00000000e0580000,0x00000000e0e83600,0x00000000e1080000)
  to   space 11776K, 0% used [0x00000000e3c00000,0x00000000e3c00000,0x00000000e4780000)
 ParOldGen       total 52224K, used 11816K [0x0000000090c00000, 0x0000000093f00000, 0x00000000daf00000)
  object space 52224K, 22% used [0x0000000090c00000,0x000000009178a3d8,0x0000000093f00000)
 Metaspace       used 34055K, capacity 35366K, committed 35496K, reserved 1081344K
  class space    used 4345K, capacity 4601K, committed 4656K, reserved 1048576K
Event: 5.361 GC heap after
Heap after GC invocations=9 (full 2):
 PSYoungGen      total 99840K, used 0K [0x00000000daf00000, 0x00000000e4780000, 0x0000000100000000)
  eden space 88576K, 0% used [0x00000000daf00000,0x00000000daf00000,0x00000000e0580000)
  from space 11264K, 0% used [0x00000000e0580000,0x00000000e0580000,0x00000000e1080000)
  to   space 11776K, 0% used [0x00000000e3c00000,0x00000000e3c00000,0x00000000e4780000)
 ParOldGen       total 77312K, used 13452K [0x0000000090c00000, 0x0000000095780000, 0x00000000daf00000)
  object space 77312K, 17% used [0x0000000090c00000,0x0000000091923380,0x0000000095780000)
 Metaspace       used 34055K, capacity 35366K, committed 35496K, reserved 1081344K
  class space    used 4345K, capacity 4601K, committed 4656K, reserved 1048576K
}
Event: 6.979 GC heap before
{Heap before GC invocations=10 (full 2):
 PSYoungGen      total 99840K, used 88576K [0x00000000daf00000, 0x00000000e4780000, 0x0000000100000000)
  eden space 88576K, 100% used [0x00000000daf00000,0x00000000e0580000,0x00000000e0580000)
  from space 11264K, 0% used [0x00000000e0580000,0x00000000e0580000,0x00000000e1080000)
  to   space 11776K, 0% used [0x00000000e3c00000,0x00000000e3c00000,0x00000000e4780000)
 ParOldGen       total 77312K, used 13452K [0x0000000090c00000, 0x0000000095780000, 0x00000000daf00000)
  object space 77312K, 17% used [0x0000000090c00000,0x0000000091923380,0x0000000095780000)
 Metaspace       used 40053K, capacity 41574K, committed 41776K, reserved 1085440K
  class space    used 5119K, capacity 5413K, committed 5424K, reserved 1048576K
Event: 6.989 GC heap after
Heap after GC invocations=10 (full 2):
 PSYoungGen      total 141312K, used 7384K [0x00000000daf00000, 0x00000000e4580000, 0x0000000100000000)
  eden space 131584K, 0% used [0x00000000daf00000,0x00000000daf00000,0x00000000e2f80000)
  from space 9728K, 75% used [0x00000000e3c00000,0x00000000e4336158,0x00000000e4580000)
  to   space 11264K, 0% used [0x00000000e2f80000,0x00000000e2f80000,0x00000000e3a80000)
 ParOldGen       total 77312K, used 13460K [0x0000000090c00000, 0x0000000095780000, 0x00000000daf00000)
  object space 77312K, 17% used [0x0000000090c00000,0x0000000091925380,0x0000000095780000)
 Metaspace       used 40053K, capacity 41574K, committed 41776K, reserved 1085440K
  class space    used 5119K, capacity 5413K, committed 5424K, reserved 1048576K
}

Deoptimization events (10 events):
Event: 6.389 Thread 0x0000000003434800 Uncommon trap: reason=unstable_if action=reinterpret pc=0x00000000041285d0 method=java.lang.Class.arrayContentsEq([Ljava/lang/Object;[Ljava/lang/Object;)Z @ 1
Event: 6.393 Thread 0x0000000003434800 Uncommon trap: reason=null_check action=make_not_entrant pc=0x0000000004325e10 method=org.springframework.core.annotation.AnnotatedElementUtils.searchWithFindSemantics(Ljava/lang/reflect/AnnotatedElement;Ljava/util/Set;Ljava/lang/String;Ljava/lang/Class;L
Event: 6.397 Thread 0x0000000003434800 Uncommon trap: reason=unstable_if action=reinterpret pc=0x00000000040197a8 method=org.springframework.aop.framework.autoproxy.AbstractAutoProxyCreator.predictBeanType(Ljava/lang/Class;Ljava/lang/String;)Ljava/lang/Class; @ 9
Event: 6.410 Thread 0x0000000003434800 Uncommon trap: reason=unstable_if action=reinterpret pc=0x0000000003edeb84 method=org.springframework.beans.factory.support.AbstractAutowireCapableBeanFactory.predictBeanType(Ljava/lang/String;Lorg/springframework/beans/factory/support/RootBeanDefinition;
Event: 6.634 Thread 0x0000000003434800 Uncommon trap: reason=unstable_if action=reinterpret pc=0x0000000003cab980 method=sun.misc.Launcher$AppClassLoader.loadClass(Ljava/lang/String;Z)Ljava/lang/Class; @ 9
Event: 6.663 Thread 0x0000000003434800 Uncommon trap: reason=unstable_if action=reinterpret pc=0x00000000039225a0 method=java.util.concurrent.ConcurrentHashMap.transfer([Ljava/util/concurrent/ConcurrentHashMap$Node;[Ljava/util/concurrent/ConcurrentHashMap$Node;)V @ 356
Event: 6.802 Thread 0x0000000003434800 Uncommon trap: reason=unstable_if action=reinterpret pc=0x000000000390ef48 method=java.util.concurrent.ConcurrentHashMap.transfer([Ljava/util/concurrent/ConcurrentHashMap$Node;[Ljava/util/concurrent/ConcurrentHashMap$Node;)V @ 356
Event: 7.049 Thread 0x0000000003434800 Uncommon trap: reason=unstable_if action=reinterpret pc=0x000000000441d8d0 method=org.springframework.beans.factory.support.AbstractBeanFactory.isTypeMatch(Ljava/lang/String;Lorg/springframework/core/ResolvableType;)Z @ 26
Event: 7.229 Thread 0x0000000003434800 Uncommon trap: reason=unloaded action=reinterpret pc=0x00000000043edc44 method=org.aspectj.weaver.World.resolveToReferenceType(Lorg/aspectj/weaver/UnresolvedType;Z)Lorg/aspectj/weaver/ResolvedType; @ 143
Event: 7.607 Thread 0x0000000003434800 Uncommon trap: reason=class_check action=maybe_recompile pc=0x0000000003d69114 method=java.util.AbstractList$Itr.hasNext()Z @ 8

Classes redefined (0 events):
No events

Internal exceptions (10 events):
Event: 6.574 Thread 0x0000000003434800 Exception <a 'java/lang/ClassNotFoundException': org/springframework/boot/autoconfigure/web/servlet/WebMvcAutoConfiguration$EnableWebMvcConfiguration$$EnhancerBySpringCGLIB$$93b2d656Customizer> (0x00000000dee6d2e8) thrown at [C:\re\workspace\8-2-build-win
Event: 6.576 Thread 0x0000000003434800 Exception <a 'java/lang/ClassNotFoundException': org/springframework/context/annotation/ConfigurationClassEnhancer$EnhancedConfigurationCustomizer> (0x00000000deea8d30) thrown at [C:\re\workspace\8-2-build-windows-amd64-cygwin\jdk8u211\12973\hotspot\src\s
Event: 6.576 Thread 0x0000000003434800 Exception <a 'java/lang/ClassNotFoundException': org/springframework/beans/factory/BeanFactoryAwareCustomizer> (0x00000000deeba250) thrown at [C:\re\workspace\8-2-build-windows-amd64-cygwin\jdk8u211\12973\hotspot\src\share\vm\classfile\systemDictionary.cp
Event: 6.577 Thread 0x0000000003434800 Exception <a 'java/lang/ClassNotFoundException': org/springframework/beans/factory/AwareCustomizer> (0x00000000deeca908) thrown at [C:\re\workspace\8-2-build-windows-amd64-cygwin\jdk8u211\12973\hotspot\src\share\vm\classfile\systemDictionary.cpp, line 210
Event: 6.577 Thread 0x0000000003434800 Exception <a 'java/lang/ClassNotFoundException': org/springframework/context/ResourceLoaderAwareCustomizer> (0x00000000deedb108) thrown at [C:\re\workspace\8-2-build-windows-amd64-cygwin\jdk8u211\12973\hotspot\src\share\vm\classfile\systemDictionary.cpp, 
Event: 6.578 Thread 0x0000000003434800 Exception <a 'java/lang/ClassNotFoundException': org/springframework/beans/factory/AwareCustomizer> (0x00000000deeeb190) thrown at [C:\re\workspace\8-2-build-windows-amd64-cygwin\jdk8u211\12973\hotspot\src\share\vm\classfile\systemDictionary.cpp, line 210
Event: 6.578 Thread 0x0000000003434800 Exception <a 'java/lang/ClassNotFoundException': org/springframework/context/ApplicationContextAwareCustomizer> (0x00000000deefc8d8) thrown at [C:\re\workspace\8-2-build-windows-amd64-cygwin\jdk8u211\12973\hotspot\src\share\vm\classfile\systemDictionary.c
Event: 6.579 Thread 0x0000000003434800 Exception <a 'java/lang/ClassNotFoundException': org/springframework/beans/factory/AwareCustomizer> (0x00000000def0cf68) thrown at [C:\re\workspace\8-2-build-windows-amd64-cygwin\jdk8u211\12973\hotspot\src\share\vm\classfile\systemDictionary.cpp, line 210
Event: 6.579 Thread 0x0000000003434800 Exception <a 'java/lang/ClassNotFoundException': org/springframework/web/context/ServletContextAwareCustomizer> (0x00000000def1e6a8) thrown at [C:\re\workspace\8-2-build-windows-amd64-cygwin\jdk8u211\12973\hotspot\src\share\vm\classfile\systemDictionary.c
Event: 6.580 Thread 0x0000000003434800 Exception <a 'java/lang/ClassNotFoundException': org/springframework/beans/factory/AwareCustomizer> (0x00000000def2e7a8) thrown at [C:\re\workspace\8-2-build-windows-amd64-cygwin\jdk8u211\12973\hotspot\src\share\vm\classfile\systemDictionary.cpp, line 210

Events (10 events):
Event: 7.635 loading class org/apache/coyote/AbstractProtocol$1
Event: 7.635 loading class org/apache/coyote/AbstractProtocol$1 done
Event: 7.636 Executing VM operation: RevokeBias
Event: 7.636 Executing VM operation: RevokeBias done
Event: 7.636 Executing VM operation: RevokeBias
Event: 7.636 Executing VM operation: RevokeBias done
Event: 7.636 loading class org/apache/coyote/AbstractProtocol$2
Event: 7.636 loading class org/apache/coyote/AbstractProtocol$2 done
Event: 7.637 loading class org/springframework/boot/web/embedded/tomcat/TomcatEmbeddedContext
Event: 7.637 loading class org/springframework/boot/web/embedded/tomcat/TomcatEmbeddedContext done


Dynamic libraries:
0x00007ff7b1c00000 - 0x00007ff7b1c37000 	C:\Program Files\Java\jdk1.8.0_211\bin\javaw.exe
0x00007ffa73340000 - 0x00007ffa73530000 	C:\WINDOWS\SYSTEM32\ntdll.dll
0x00007ffa729e0000 - 0x00007ffa72a92000 	C:\WINDOWS\System32\KERNEL32.DLL
0x00007ffa70370000 - 0x00007ffa70614000 	C:\WINDOWS\System32\KERNELBASE.dll
0x00007ffa71bf0000 - 0x00007ffa71c93000 	C:\WINDOWS\System32\ADVAPI32.dll
0x00007ffa71490000 - 0x00007ffa7152e000 	C:\WINDOWS\System32\msvcrt.dll
0x00007ffa72aa0000 - 0x00007ffa72b37000 	C:\WINDOWS\System32\sechost.dll
0x00007ffa716f0000 - 0x00007ffa71810000 	C:\WINDOWS\System32\RPCRT4.dll
0x00007ffa72700000 - 0x00007ffa72894000 	C:\WINDOWS\System32\USER32.dll
0x00007ffa70620000 - 0x00007ffa70641000 	C:\WINDOWS\System32\win32u.dll
0x00007ffa71460000 - 0x00007ffa71486000 	C:\WINDOWS\System32\GDI32.dll
0x00007ffa71020000 - 0x00007ffa711b6000 	C:\WINDOWS\System32\gdi32full.dll
0x00007ffa711c0000 - 0x00007ffa7125e000 	C:\WINDOWS\System32\msvcp_win.dll
0x00007ffa712f0000 - 0x00007ffa713ea000 	C:\WINDOWS\System32\ucrtbase.dll
0x00007ffa63870000 - 0x00007ffa63af4000 	C:\WINDOWS\WinSxS\amd64_microsoft.windows.common-controls_6595b64144ccf1df_6.0.18362.959_none_e6c7bbbf130c62bb\COMCTL32.dll
0x00007ffa72b40000 - 0x00007ffa72e75000 	C:\WINDOWS\System32\combase.dll
0x00007ffa70de0000 - 0x00007ffa70e60000 	C:\WINDOWS\System32\bcryptPrimitives.dll
0x00007ffa71b40000 - 0x00007ffa71b6e000 	C:\WINDOWS\System32\IMM32.DLL
0x0000000069b20000 - 0x0000000069bf2000 	C:\Program Files\Java\jdk1.8.0_211\jre\bin\msvcr100.dll
0x0000000067d10000 - 0x00000000685b5000 	C:\Program Files\Java\jdk1.8.0_211\jre\bin\server\jvm.dll
0x00007ffa72970000 - 0x00007ffa72978000 	C:\WINDOWS\System32\PSAPI.DLL
0x00007ffa6cd00000 - 0x00007ffa6cd09000 	C:\WINDOWS\SYSTEM32\WSOCK32.dll
0x00007ffa6e100000 - 0x00007ffa6e124000 	C:\WINDOWS\SYSTEM32\WINMM.dll
0x00007ffa6a690000 - 0x00007ffa6a69a000 	C:\WINDOWS\SYSTEM32\VERSION.dll
0x00007ffa71ca0000 - 0x00007ffa71d0f000 	C:\WINDOWS\System32\WS2_32.dll
0x00007ffa6dd10000 - 0x00007ffa6dd3d000 	C:\WINDOWS\SYSTEM32\winmmbase.dll
0x00007ffa70e60000 - 0x00007ffa70eaa000 	C:\WINDOWS\System32\cfgmgr32.dll
0x00007ffa6ccf0000 - 0x00007ffa6ccff000 	C:\Program Files\Java\jdk1.8.0_211\jre\bin\verify.dll
0x00007ffa6bbc0000 - 0x00007ffa6bbe9000 	C:\Program Files\Java\jdk1.8.0_211\jre\bin\java.dll
0x00007ffa6b720000 - 0x00007ffa6b736000 	C:\Program Files\Java\jdk1.8.0_211\jre\bin\zip.dll
0x00007ffa71d10000 - 0x00007ffa723f6000 	C:\WINDOWS\System32\SHELL32.dll
0x00007ffa71810000 - 0x00007ffa718b9000 	C:\WINDOWS\System32\shcore.dll
0x00007ffa70650000 - 0x00007ffa70dd2000 	C:\WINDOWS\System32\windows.storage.dll
0x00007ffa70200000 - 0x00007ffa70223000 	C:\WINDOWS\System32\profapi.dll
0x00007ffa70230000 - 0x00007ffa7027a000 	C:\WINDOWS\System32\powrprof.dll
0x00007ffa701f0000 - 0x00007ffa70200000 	C:\WINDOWS\System32\UMPDC.dll
0x00007ffa71530000 - 0x00007ffa71582000 	C:\WINDOWS\System32\shlwapi.dll
0x00007ffa70280000 - 0x00007ffa70291000 	C:\WINDOWS\System32\kernel.appcore.dll
0x00007ffa71000000 - 0x00007ffa71017000 	C:\WINDOWS\System32\cryptsp.dll
0x00007ffa6cce0000 - 0x00007ffa6cced000 	C:\Program Files\Java\jdk1.8.0_211\jre\bin\management.dll
0x00007ffa6b700000 - 0x00007ffa6b71a000 	C:\Program Files\Java\jdk1.8.0_211\jre\bin\net.dll
0x00007ffa671d0000 - 0x00007ffa673a6000 	C:\WINDOWS\SYSTEM32\urlmon.dll
0x00007ffa67690000 - 0x00007ffa67936000 	C:\WINDOWS\SYSTEM32\iertutil.dll
0x00007ffa6fbd0000 - 0x00007ffa6fbdc000 	C:\WINDOWS\SYSTEM32\CRYPTBASE.DLL
0x00007ffa6fa00000 - 0x00007ffa6fa67000 	C:\WINDOWS\system32\mswsock.dll
0x00007ffa5ef00000 - 0x00007ffa5ef16000 	C:\WINDOWS\system32\napinsp.dll
0x00007ffa5eee0000 - 0x00007ffa5eefa000 	C:\WINDOWS\system32\pnrpnsp.dll
0x00007ffa6f750000 - 0x00007ffa6f81b000 	C:\WINDOWS\SYSTEM32\DNSAPI.dll
0x00007ffa71450000 - 0x00007ffa71458000 	C:\WINDOWS\System32\NSI.dll
0x00007ffa6f710000 - 0x00007ffa6f74a000 	C:\WINDOWS\SYSTEM32\IPHLPAPI.DLL
0x00007ffa5eed0000 - 0x00007ffa5eede000 	C:\WINDOWS\System32\winrnr.dll
0x00007ffa6ca60000 - 0x00007ffa6ca7c000 	C:\WINDOWS\system32\NLAapi.dll
0x00007ffa5ecc0000 - 0x00007ffa5ecd5000 	C:\WINDOWS\system32\wshbth.dll
0x00007ffa6b390000 - 0x00007ffa6b39a000 	C:\Windows\System32\rasadhlp.dll
0x00007ffa6b460000 - 0x00007ffa6b4d7000 	C:\WINDOWS\System32\fwpuclnt.dll
0x00007ffa71260000 - 0x00007ffa71286000 	C:\WINDOWS\System32\bcrypt.dll
0x00007ffa6a190000 - 0x00007ffa6a1a2000 	C:\Program Files\Java\jdk1.8.0_211\jre\bin\nio.dll
0x0000000180000000 - 0x000000018020e000 	C:\Windows\System32\tcnative-1.dll
0x00007ffa6f570000 - 0x00007ffa6f5a3000 	C:\WINDOWS\system32\rsaenh.dll
0x00007ffa70110000 - 0x00007ffa70135000 	C:\WINDOWS\SYSTEM32\USERENV.dll
0x00007ffa6b780000 - 0x00007ffa6b796000 	C:\WINDOWS\SYSTEM32\dhcpcsvc6.DLL
0x00007ffa6b760000 - 0x00007ffa6b77c000 	C:\WINDOWS\SYSTEM32\dhcpcsvc.DLL

VM Arguments:
jvm_args: -Dfile.encoding=UTF-8 
java_command: com.wuliu.fa.FaApplication
java_class_path (initial): D:\开发工具\tts9\tts9\workspace\fa\target\classes;D:\tts9\repository\org\springframework\boot\spring-boot-starter-thymeleaf\2.1.16.RELEASE\spring-boot-starter-thymeleaf-2.1.16.RELEASE.jar;D:\tts9\repository\org\springframework\boot\spring-boot-starter\2.1.16.RELEASE\spring-boot-starter-2.1.16.RELEASE.jar;D:\tts9\repository\org\springframework\boot\spring-boot\2.1.16.RELEASE\spring-boot-2.1.16.RELEASE.jar;D:\tts9\repository\org\springframework\boot\spring-boot-autoconfigure\2.1.16.RELEASE\spring-boot-autoconfigure-2.1.16.RELEASE.jar;D:\tts9\repository\org\springframework\boot\spring-boot-starter-logging\2.1.16.RELEASE\spring-boot-starter-logging-2.1.16.RELEASE.jar;D:\tts9\repository\ch\qos\logback\logback-classic\1.2.3\logback-classic-1.2.3.jar;D:\tts9\repository\ch\qos\logback\logback-core\1.2.3\logback-core-1.2.3.jar;D:\tts9\repository\org\apache\logging\log4j\log4j-to-slf4j\2.11.2\log4j-to-slf4j-2.11.2.jar;D:\tts9\repository\org\apache\logging\log4j\log4j-api\2.11.2\log4j-api-2.11.2.jar;D:\tts9\repository\org\slf4j\jul-to-slf4j\1.7.30\jul-to-slf4j-1.7.30.jar;D:\tts9\repository\javax\annotation\javax.annotation-api\1.3.2\javax.annotation-api-1.3.2.jar;D:\tts9\repository\org\yaml\snakeyaml\1.23\snakeyaml-1.23.jar;D:\tts9\repository\org\thymeleaf\thymeleaf-spring5\3.0.11.RELEASE\thymeleaf-spring5-3.0.11.RELEASE.jar;D:\tts9\repository\org\thymeleaf\thymeleaf\3.0.11.RELEASE\thymeleaf-3.0.11.RELEASE.jar;D:\tts9\repository\org\attoparser\attoparser\2.0.5.RELEASE\attoparser-2.0.5.RELEASE.jar;D:\tts9\repository\org\unbescape\unbescape\1.1.6.RELEASE\unbescape-1.1.6.RELEASE.jar;D:\tts9\repository\org\slf4j\slf4j-api\1.7.30\slf4j-api-1.7.30.jar;D:\tts9\repository\org\thymeleaf\extras\thymeleaf-extras-java8time\3.0.4.RELEASE\thymeleaf-extras-java8time-3.0.4.RELEASE.jar;D:\tts9\repository\org\tuckey\urlrewritefilter\4.0.4\urlrewritefilter-4.0.4.jar;D:\tts9\repository\org\springframework\boot\spring-boot-starter-aop\2.1.16.RELEASE\spring-boot-starter
Launcher Type: SUN_STANDARD

Environment Variables:
JAVA_HOME=D:\开发工具\tts9\tts9\jdk1.8.0_45
CLASSPATH=.
PATH=D:/开发工具/tts9/tts9/jdk1.8.0_45/bin/../jre/bin/client;D:/开发工具/tts9/tts9/jdk1.8.0_45/bin/../jre/bin;D:/开发工具/tts9/tts9/jdk1.8.0_45/bin/../jre/lib/i386;D:\开发工具\tts9\tts9\jdk1.8.0_45\bin;D:\迅雷下载\;C:\Program Files (x86)\Common Files\Oracle\Java\javapath;C:\WINDOWS\system32;C:\WINDOWS;C:\WINDOWS\System32\Wbem;C:\WINDOWS\System32\WindowsPowerShell\v1.0\;C:\WINDOWS\System32\OpenSSH\;C:\Program Files\Java\jdk1.8.0_211\bin;C:\Program Files\Java\jdk1.8.0_211\jre\bin;D:\开发工具\tts9\tts9\apache-maven-3.3.9\bin;D:\;置服务器\jenkins-2.185\Git\cmd;置服务器\bin;:\配置服务器\jenkins-2.185\Git\cmd;D:\fuwuqi\Git\Git\cmd;C:\Program Files (x86)\Bitvise SSH Client;D:\360安全浏览器下载\;";D:\迅雷下载\apache-tomcat-9.0.37-src\bin;%CATALINA_HOME%\lib";C:\Users\Admin\AppData\Local\Microsoft\WindowsApps;C:\Users\Admin\AppData\Roaming\npm;D:\360安全浏览器下载\VSCode\Microsoft VS Code\bin;;D:\开发工具\tts9\tts9;
USERNAME=Admin
OS=Windows_NT
PROCESSOR_IDENTIFIER=AMD64 Family 23 Model 17 Stepping 0, AuthenticAMD



---------------  S Y S T E M  ---------------

OS: Windows 10.0 , 64 bit Build 18362 (10.0.18362.959)

CPU:total 8 (initial active 8) (8 cores per cpu, 1 threads per core) family 23 model 17 stepping 0, cmov, cx8, fxsr, mmx, sse, sse2, sse3, ssse3, sse4.1, sse4.2, popcnt, avx, avx2, aes, clmul, mmxext, 3dnowpref, lzcnt, sse4a, tsc, tscinvbit, tscinv, bmi1

Memory: 4k page, physical 7287780k(456248k free), swap 15676388k(4748k free)

vm_info: Java HotSpot(TM) 64-Bit Server VM (25.211-b12) for windows-amd64 JRE (1.8.0_211-b12), built on Apr  1 2019 20:53:26 by "java_re" with MS VC++ 10.0 (VS2010)

time: Wed Aug 12 18:14:28 2020
timezone: 中国标准时间
elapsed time: 7 seconds (0d 0h 0m 7s)

