#
# There is insufficient memory for the Java Runtime Environment to continue.
# Native memory allocation (malloc) failed to allocate 1048576 bytes for AllocateHeap
# Possible reasons:
#   The system is out of physical RAM or swap space
#   The process is running with CompressedOops enabled, and the Java Heap may be blocking the growth of the native heap
# Possible solutions:
#   Reduce memory load on the system
#   Increase physical memory or swap space
#   Check if swap backing store is full
#   Decrease Java heap size (-Xmx/-Xms)
#   Decrease number of Java threads
#   Decrease Java thread stack sizes (-Xss)
#   Set larger code cache with -XX:ReservedCodeCacheSize=
#   JVM is running with Unscaled Compressed Oops mode in which the Java heap is
#     placed in the first 4GB address space. The Java Heap base address is the
#     maximum limit for the native heap growth. Please use -XX:HeapBaseMinAddress
#     to set the Java Heap base and to place the Java Heap above 4GB virtual address.
# This output file may be truncated or incomplete.
#
#  Out of Memory Error (memory/allocation.inline.hpp:61), pid=30328, tid=0x0000000000003dac
#
# JRE version:  (8.0_211-b12) (build )
# Java VM: Java HotSpot(TM) 64-Bit Server VM (25.211-b12 mixed mode windows-amd64 compressed oops)
# Failed to write core dump. Minidumps are not enabled by default on client versions of Windows
#

---------------  T H R E A D  ---------------

Current thread (0x0000000003294800):  JavaThread "Unknown thread" [_thread_in_vm, id=15788, stack(0x0000000002dc0000,0x0000000002ec0000)]

Stack: [0x0000000002dc0000,0x0000000002ec0000]
[error occurred during error reporting (printing stack bounds), id 0xc0000005]

Native frames: (J=compiled Java code, j=interpreted, Vv=VM code, C=native code)


---------------  P R O C E S S  ---------------

Java Threads: ( => current thread )

Other Threads:

=>0x0000000003294800 (exited) JavaThread "Unknown thread" [_thread_in_vm, id=15788, stack(0x0000000002dc0000,0x0000000002ec0000)]

VM state:not at safepoint (normal execution)

VM Mutex/Monitor currently owned by a thread: None

heap address: 0x0000000090c00000, size: 1780 MB, Compressed Oops mode: 32-bit
Narrow klass base: 0x0000000000000000, Narrow klass shift: 3
Compressed class space size: 1073741824 Address: 0x0000000100000000

Heap:
 PSYoungGen      total 33280K, used 573K [0x00000000daf00000, 0x00000000dd400000, 0x0000000100000000)
  eden space 28672K, 2% used [0x00000000daf00000,0x00000000daf8f5d0,0x00000000dcb00000)
  from space 4608K, 0% used [0x00000000dcf80000,0x00000000dcf80000,0x00000000dd400000)
  to   space 4608K, 0% used [0x00000000dcb00000,0x00000000dcb00000,0x00000000dcf80000)
 ParOldGen       total 76800K, used 0K [0x0000000090c00000, 0x0000000095700000, 0x00000000daf00000)
  object space 76800K, 0% used [0x0000000090c00000,0x0000000090c00000,0x0000000095700000)
 Metaspace       used 786K, capacity 1156K, committed 1408K, reserved 1060864K
  class space    used 76K, capacity 384K, committed 384K, reserved 1048576K

Card table byte_map: [0x0000000012750000,0x0000000012ad0000] byte_map_base: 0x00000000122ca000

Marking Bits: (ParMarkBitMap*) 0x0000000068535ce0
 Begin Bits: [0x0000000013530000, 0x0000000015100000)
 End Bits:   [0x0000000015100000, 0x0000000016cd0000)

Polling page: 0x0000000000df0000

CodeCache: size=245760Kb used=327Kb max_used=327Kb free=245432Kb
 bounds [0x0000000003390000, 0x0000000003600000, 0x0000000012390000]
 total_blobs=57 nmethods=0 adapters=38
 compilation: enabled

Compilation events (0 events):
No events

GC Heap History (0 events):
No events

Deoptimization events (0 events):
No events

Classes redefined (0 events):
No events

Internal exceptions (0 events):
No events

Events (10 events):
Event: 0.032 loading class java/lang/Short
Event: 0.032 loading class java/lang/Short done
Event: 0.032 loading class java/lang/Integer
Event: 0.032 loading class java/lang/Integer done
Event: 0.032 loading class java/lang/Long
Event: 0.032 loading class java/lang/Long done
Event: 0.033 loading class java/lang/NullPointerException
Event: 0.033 loading class java/lang/NullPointerException done
Event: 0.033 loading class java/lang/ArithmeticException
Event: 0.033 loading class java/lang/ArithmeticException done


Dynamic libraries:
0x00007ff7e2e20000 - 0x00007ff7e2e57000 	C:\Program Files\Java\jdk1.8.0_211\bin\javaw.exe
0x00007ffa73340000 - 0x00007ffa73530000 	C:\WINDOWS\SYSTEM32\ntdll.dll
0x00007ffa729e0000 - 0x00007ffa72a92000 	C:\WINDOWS\System32\KERNEL32.DLL
0x00007ffa70370000 - 0x00007ffa70614000 	C:\WINDOWS\System32\KERNELBASE.dll
0x00007ffa71bf0000 - 0x00007ffa71c93000 	C:\WINDOWS\System32\ADVAPI32.dll
0x00007ffa71490000 - 0x00007ffa7152e000 	C:\WINDOWS\System32\msvcrt.dll
0x00007ffa72aa0000 - 0x00007ffa72b37000 	C:\WINDOWS\System32\sechost.dll
0x00007ffa716f0000 - 0x00007ffa71810000 	C:\WINDOWS\System32\RPCRT4.dll
0x00007ffa72700000 - 0x00007ffa72894000 	C:\WINDOWS\System32\USER32.dll
0x00007ffa70620000 - 0x00007ffa70641000 	C:\WINDOWS\System32\win32u.dll
0x00007ffa71460000 - 0x00007ffa71486000 	C:\WINDOWS\System32\GDI32.dll
0x00007ffa71020000 - 0x00007ffa711b6000 	C:\WINDOWS\System32\gdi32full.dll
0x00007ffa711c0000 - 0x00007ffa7125e000 	C:\WINDOWS\System32\msvcp_win.dll
0x00007ffa712f0000 - 0x00007ffa713ea000 	C:\WINDOWS\System32\ucrtbase.dll
0x00007ffa63870000 - 0x00007ffa63af4000 	C:\WINDOWS\WinSxS\amd64_microsoft.windows.common-controls_6595b64144ccf1df_6.0.18362.959_none_e6c7bbbf130c62bb\COMCTL32.dll
0x00007ffa72b40000 - 0x00007ffa72e75000 	C:\WINDOWS\System32\combase.dll
0x00007ffa70de0000 - 0x00007ffa70e60000 	C:\WINDOWS\System32\bcryptPrimitives.dll
0x00007ffa71b40000 - 0x00007ffa71b6e000 	C:\WINDOWS\System32\IMM32.DLL
0x0000000069b20000 - 0x0000000069bf2000 	C:\Program Files\Java\jdk1.8.0_211\jre\bin\msvcr100.dll
0x0000000067d10000 - 0x00000000685b5000 	C:\Program Files\Java\jdk1.8.0_211\jre\bin\server\jvm.dll
0x00007ffa72970000 - 0x00007ffa72978000 	C:\WINDOWS\System32\PSAPI.DLL
0x00007ffa6e100000 - 0x00007ffa6e124000 	C:\WINDOWS\SYSTEM32\WINMM.dll
0x00007ffa6cce0000 - 0x00007ffa6cce9000 	C:\WINDOWS\SYSTEM32\WSOCK32.dll
0x00007ffa6a690000 - 0x00007ffa6a69a000 	C:\WINDOWS\SYSTEM32\VERSION.dll
0x00007ffa71ca0000 - 0x00007ffa71d0f000 	C:\WINDOWS\System32\WS2_32.dll
0x00007ffa6dd10000 - 0x00007ffa6dd3d000 	C:\WINDOWS\SYSTEM32\winmmbase.dll
0x00007ffa70e60000 - 0x00007ffa70eaa000 	C:\WINDOWS\System32\cfgmgr32.dll
0x00007ffa6c5c0000 - 0x00007ffa6c5cf000 	C:\Program Files\Java\jdk1.8.0_211\jre\bin\verify.dll
0x00007ffa62320000 - 0x00007ffa62349000 	C:\Program Files\Java\jdk1.8.0_211\jre\bin\java.dll
0x00007ffa6bbd0000 - 0x00007ffa6bbe6000 	C:\Program Files\Java\jdk1.8.0_211\jre\bin\zip.dll

VM Arguments:
jvm_args: -Dfile.encoding=UTF-8 
java_command: com.wuliu.fa.FaApplication
java_class_path (initial): D:\开发工具\tts9\tts9\workspace\fa\target\classes;D:\tts9\repository\org\springframework\boot\spring-boot-starter-thymeleaf\2.1.16.RELEASE\spring-boot-starter-thymeleaf-2.1.16.RELEASE.jar;D:\tts9\repository\org\springframework\boot\spring-boot-starter\2.1.16.RELEASE\spring-boot-starter-2.1.16.RELEASE.jar;D:\tts9\repository\org\springframework\boot\spring-boot\2.1.16.RELEASE\spring-boot-2.1.16.RELEASE.jar;D:\tts9\repository\org\springframework\boot\spring-boot-autoconfigure\2.1.16.RELEASE\spring-boot-autoconfigure-2.1.16.RELEASE.jar;D:\tts9\repository\org\springframework\boot\spring-boot-starter-logging\2.1.16.RELEASE\spring-boot-starter-logging-2.1.16.RELEASE.jar;D:\tts9\repository\ch\qos\logback\logback-classic\1.2.3\logback-classic-1.2.3.jar;D:\tts9\repository\ch\qos\logback\logback-core\1.2.3\logback-core-1.2.3.jar;D:\tts9\repository\org\apache\logging\log4j\log4j-to-slf4j\2.11.2\log4j-to-slf4j-2.11.2.jar;D:\tts9\repository\org\apache\logging\log4j\log4j-api\2.11.2\log4j-api-2.11.2.jar;D:\tts9\repository\org\slf4j\jul-to-slf4j\1.7.30\jul-to-slf4j-1.7.30.jar;D:\tts9\repository\javax\annotation\javax.annotation-api\1.3.2\javax.annotation-api-1.3.2.jar;D:\tts9\repository\org\yaml\snakeyaml\1.23\snakeyaml-1.23.jar;D:\tts9\repository\org\thymeleaf\thymeleaf-spring5\3.0.11.RELEASE\thymeleaf-spring5-3.0.11.RELEASE.jar;D:\tts9\repository\org\thymeleaf\thymeleaf\3.0.11.RELEASE\thymeleaf-3.0.11.RELEASE.jar;D:\tts9\repository\org\attoparser\attoparser\2.0.5.RELEASE\attoparser-2.0.5.RELEASE.jar;D:\tts9\repository\org\unbescape\unbescape\1.1.6.RELEASE\unbescape-1.1.6.RELEASE.jar;D:\tts9\repository\org\slf4j\slf4j-api\1.7.30\slf4j-api-1.7.30.jar;D:\tts9\repository\org\thymeleaf\extras\thymeleaf-extras-java8time\3.0.4.RELEASE\thymeleaf-extras-java8time-3.0.4.RELEASE.jar;D:\tts9\repository\org\tuckey\urlrewritefilter\4.0.4\urlrewritefilter-4.0.4.jar;D:\tts9\repository\org\springframework\boot\spring-boot-starter-aop\2.1.16.RELEASE\spring-boot-starter
Launcher Type: SUN_STANDARD

Environment Variables:
JAVA_HOME=D:\开发工具\tts9\tts9\jdk1.8.0_45
CLASSPATH=.
PATH=D:/开发工具/tts9/tts9/jdk1.8.0_45/bin/../jre/bin/client;D:/开发工具/tts9/tts9/jdk1.8.0_45/bin/../jre/bin;D:/开发工具/tts9/tts9/jdk1.8.0_45/bin/../jre/lib/i386;D:\开发工具\tts9\tts9\jdk1.8.0_45\bin;D:\迅雷下载\;C:\Program Files (x86)\Common Files\Oracle\Java\javapath;C:\WINDOWS\system32;C:\WINDOWS;C:\WINDOWS\System32\Wbem;C:\WINDOWS\System32\WindowsPowerShell\v1.0\;C:\WINDOWS\System32\OpenSSH\;C:\Program Files\Java\jdk1.8.0_211\bin;C:\Program Files\Java\jdk1.8.0_211\jre\bin;D:\开发工具\tts9\tts9\apache-maven-3.3.9\bin;D:\;置服务器\jenkins-2.185\Git\cmd;置服务器\bin;:\配置服务器\jenkins-2.185\Git\cmd;D:\fuwuqi\Git\Git\cmd;C:\Program Files (x86)\Bitvise SSH Client;D:\360安全浏览器下载\;";D:\迅雷下载\apache-tomcat-9.0.37-src\bin;%CATALINA_HOME%\lib";C:\Users\Admin\AppData\Local\Microsoft\WindowsApps;C:\Users\Admin\AppData\Roaming\npm;D:\360安全浏览器下载\VSCode\Microsoft VS Code\bin;;D:\开发工具\tts9\tts9;
USERNAME=Admin
OS=Windows_NT
PROCESSOR_IDENTIFIER=AMD64 Family 23 Model 17 Stepping 0, AuthenticAMD



---------------  S Y S T E M  ---------------

OS: Windows 10.0 , 64 bit Build 18362 (10.0.18362.959)

CPU:total 8 (initial active 8) (8 cores per cpu, 1 threads per core) family 23 model 17 stepping 0, cmov, cx8, fxsr, mmx, sse, sse2, sse3, ssse3, sse4.1, sse4.2, popcnt, avx, avx2, aes, clmul, mmxext, 3dnowpref, lzcnt, sse4a, tsc, tscinvbit, tscinv, bmi1

Memory: 4k page, physical 7287780k(726044k free), swap 15676388k(5984k free)

vm_info: Java HotSpot(TM) 64-Bit Server VM (25.211-b12) for windows-amd64 JRE (1.8.0_211-b12), built on Apr  1 2019 20:53:26 by "java_re" with MS VC++ 10.0 (VS2010)

time: Wed Aug 12 18:38:18 2020
timezone: 中国标准时间
elapsed time: 0 seconds (0d 0h 0m 0s)

